<?xml version="1.0" encoding="UTF-8"?>
<testng-results ignored="0" total="15" passed="15" failed="0" skipped="0">
  <reporter-output>
  </reporter-output>
  <suite started-at="2025-09-07T23:41:48 IST" name="All Test Suite" finished-at="2025-09-07T23:43:45 IST" duration-ms="117660">
    <groups>
    </groups>
    <test started-at="2025-09-07T23:41:48 IST" name="C:/Nandini/Web Automation/Sauce-Demo/SauceDemoAutomationPOM/src/test/java/TestCases" finished-at="2025-09-07T23:43:45 IST" duration-ms="117660">
      <class name="TestCases.TestSortingProductPage">
        <test-method is-config="true" signature="OpenABrowser()[pri:0, instance:TestCases.TestSortingProductPage@19b843ba]" started-at="2025-09-07T23:42:31 IST" name="OpenABrowser" finished-at="2025-09-07T23:42:34 IST" duration-ms="3009" status="PASS">
          <reporter-output>
          </reporter-output>
        </test-method> <!-- OpenABrowser -->
        <test-method signature="verifyProductDisplayedInCorrectOrderPriceLowToHigh(java.lang.String,java.lang.String)[pri:0, instance:TestCases.TestSortingProductPage@19b843ba]" started-at="2025-09-07T23:42:34 IST" name="verifyProductDisplayedInCorrectOrderPriceLowToHigh" data-provider="validCredentials" finished-at="2025-09-07T23:42:36 IST" duration-ms="1958" status="PASS">
          <params>
            <param index="0">
              <value>
                <![CDATA[standard_user]]>
              </value>
            </param>
            <param index="1">
              <value>
                <![CDATA[secret_sauce]]>
              </value>
            </param>
          </params>
          <reporter-output>
          </reporter-output>
        </test-method> <!-- verifyProductDisplayedInCorrectOrderPriceLowToHigh -->
        <test-method is-config="true" signature="ddScreenShotAfterTest()[pri:0, instance:TestCases.TestSortingProductPage@19b843ba]" started-at="2025-09-07T23:42:36 IST" name="ddScreenShotAfterTest" finished-at="2025-09-07T23:42:36 IST" duration-ms="153" status="PASS">
          <reporter-output>
          </reporter-output>
        </test-method> <!-- ddScreenShotAfterTest -->
        <test-method is-config="true" signature="CloseBrowser()[pri:0, instance:TestCases.TestSortingProductPage@19b843ba]" started-at="2025-09-07T23:42:36 IST" name="CloseBrowser" finished-at="2025-09-07T23:42:37 IST" duration-ms="908" status="PASS">
          <reporter-output>
          </reporter-output>
        </test-method> <!-- CloseBrowser -->
        <test-method is-config="true" signature="OpenABrowser()[pri:0, instance:TestCases.TestSortingProductPage@19b843ba]" started-at="2025-09-07T23:43:29 IST" name="OpenABrowser" finished-at="2025-09-07T23:43:32 IST" duration-ms="2711" status="PASS">
          <reporter-output>
          </reporter-output>
        </test-method> <!-- OpenABrowser -->
        <test-method signature="verifyProductDisplayedInCorrectOrderPriceHighToLow(java.lang.String,java.lang.String)[pri:1, instance:TestCases.TestSortingProductPage@19b843ba]" started-at="2025-09-07T23:43:32 IST" name="verifyProductDisplayedInCorrectOrderPriceHighToLow" data-provider="validCredentials" finished-at="2025-09-07T23:43:33 IST" duration-ms="1333" status="PASS">
          <params>
            <param index="0">
              <value>
                <![CDATA[standard_user]]>
              </value>
            </param>
            <param index="1">
              <value>
                <![CDATA[secret_sauce]]>
              </value>
            </param>
          </params>
          <reporter-output>
          </reporter-output>
        </test-method> <!-- verifyProductDisplayedInCorrectOrderPriceHighToLow -->
        <test-method is-config="true" signature="ddScreenShotAfterTest()[pri:0, instance:TestCases.TestSortingProductPage@19b843ba]" started-at="2025-09-07T23:43:33 IST" name="ddScreenShotAfterTest" finished-at="2025-09-07T23:43:33 IST" duration-ms="75" status="PASS">
          <reporter-output>
          </reporter-output>
        </test-method> <!-- ddScreenShotAfterTest -->
        <test-method is-config="true" signature="CloseBrowser()[pri:0, instance:TestCases.TestSortingProductPage@19b843ba]" started-at="2025-09-07T23:43:33 IST" name="CloseBrowser" finished-at="2025-09-07T23:43:34 IST" duration-ms="817" status="PASS">
          <reporter-output>
          </reporter-output>
        </test-method> <!-- CloseBrowser -->
        <test-method is-config="true" signature="OpenABrowser()[pri:0, instance:TestCases.TestSortingProductPage@19b843ba]" started-at="2025-09-07T23:43:34 IST" name="OpenABrowser" finished-at="2025-09-07T23:43:37 IST" duration-ms="2735" status="PASS">
          <reporter-output>
          </reporter-output>
        </test-method> <!-- OpenABrowser -->
        <test-method signature="verifyProductDisplayedInCorrectOrderNameAToZ(java.lang.String,java.lang.String)[pri:2, instance:TestCases.TestSortingProductPage@19b843ba]" started-at="2025-09-07T23:43:37 IST" name="verifyProductDisplayedInCorrectOrderNameAToZ" data-provider="validCredentials" finished-at="2025-09-07T23:43:39 IST" duration-ms="1604" status="PASS">
          <params>
            <param index="0">
              <value>
                <![CDATA[standard_user]]>
              </value>
            </param>
            <param index="1">
              <value>
                <![CDATA[secret_sauce]]>
              </value>
            </param>
          </params>
          <reporter-output>
          </reporter-output>
        </test-method> <!-- verifyProductDisplayedInCorrectOrderNameAToZ -->
        <test-method is-config="true" signature="ddScreenShotAfterTest()[pri:0, instance:TestCases.TestSortingProductPage@19b843ba]" started-at="2025-09-07T23:43:39 IST" name="ddScreenShotAfterTest" finished-at="2025-09-07T23:43:39 IST" duration-ms="118" status="PASS">
          <reporter-output>
          </reporter-output>
        </test-method> <!-- ddScreenShotAfterTest -->
        <test-method is-config="true" signature="CloseBrowser()[pri:0, instance:TestCases.TestSortingProductPage@19b843ba]" started-at="2025-09-07T23:43:39 IST" name="CloseBrowser" finished-at="2025-09-07T23:43:40 IST" duration-ms="888" status="PASS">
          <reporter-output>
          </reporter-output>
        </test-method> <!-- CloseBrowser -->
        <test-method is-config="true" signature="OpenABrowser()[pri:0, instance:TestCases.TestSortingProductPage@19b843ba]" started-at="2025-09-07T23:43:40 IST" name="OpenABrowser" finished-at="2025-09-07T23:43:43 IST" duration-ms="3021" status="PASS">
          <reporter-output>
          </reporter-output>
        </test-method> <!-- OpenABrowser -->
        <test-method signature="verifyProductDisplayedInCorrectOrderNameZToA(java.lang.String,java.lang.String)[pri:3, instance:TestCases.TestSortingProductPage@19b843ba]" started-at="2025-09-07T23:43:43 IST" name="verifyProductDisplayedInCorrectOrderNameZToA" data-provider="validCredentials" finished-at="2025-09-07T23:43:44 IST" duration-ms="1738" status="PASS">
          <params>
            <param index="0">
              <value>
                <![CDATA[standard_user]]>
              </value>
            </param>
            <param index="1">
              <value>
                <![CDATA[secret_sauce]]>
              </value>
            </param>
          </params>
          <reporter-output>
          </reporter-output>
        </test-method> <!-- verifyProductDisplayedInCorrectOrderNameZToA -->
        <test-method is-config="true" signature="ddScreenShotAfterTest()[pri:0, instance:TestCases.TestSortingProductPage@19b843ba]" started-at="2025-09-07T23:43:44 IST" name="ddScreenShotAfterTest" finished-at="2025-09-07T23:43:44 IST" duration-ms="140" status="PASS">
          <reporter-output>
          </reporter-output>
        </test-method> <!-- ddScreenShotAfterTest -->
        <test-method is-config="true" signature="CloseBrowser()[pri:0, instance:TestCases.TestSortingProductPage@19b843ba]" started-at="2025-09-07T23:43:44 IST" name="CloseBrowser" finished-at="2025-09-07T23:43:45 IST" duration-ms="1014" status="PASS">
          <reporter-output>
          </reporter-output>
        </test-method> <!-- CloseBrowser -->
      </class> <!-- TestCases.TestSortingProductPage -->
      <class name="TestCases.TestAddToCartPage">
        <test-method is-config="true" signature="OpenABrowser()[pri:0, instance:TestCases.TestAddToCartPage@2235eaab]" started-at="2025-09-07T23:41:48 IST" name="OpenABrowser" finished-at="2025-09-07T23:41:52 IST" duration-ms="4452" status="PASS">
          <reporter-output>
          </reporter-output>
        </test-method> <!-- OpenABrowser -->
        <test-method signature="TestProductVisibleOnCartBadge(java.lang.String,java.lang.String)[pri:0, instance:TestCases.TestAddToCartPage@2235eaab]" started-at="2025-09-07T23:41:52 IST" name="TestProductVisibleOnCartBadge" data-provider="validCredentials" finished-at="2025-09-07T23:41:54 IST" duration-ms="2056" status="PASS">
          <params>
            <param index="0">
              <value>
                <![CDATA[standard_user]]>
              </value>
            </param>
            <param index="1">
              <value>
                <![CDATA[secret_sauce]]>
              </value>
            </param>
          </params>
          <reporter-output>
          </reporter-output>
        </test-method> <!-- TestProductVisibleOnCartBadge -->
        <test-method is-config="true" signature="AddScreenShotAfterTest()[pri:0, instance:TestCases.TestAddToCartPage@2235eaab]" started-at="2025-09-07T23:41:54 IST" name="AddScreenShotAfterTest" finished-at="2025-09-07T23:41:55 IST" duration-ms="47" status="PASS">
          <reporter-output>
          </reporter-output>
        </test-method> <!-- AddScreenShotAfterTest -->
        <test-method is-config="true" signature="CloseBrowser()[pri:0, instance:TestCases.TestAddToCartPage@2235eaab]" started-at="2025-09-07T23:41:55 IST" name="CloseBrowser" finished-at="2025-09-07T23:41:55 IST" duration-ms="951" status="PASS">
          <reporter-output>
          </reporter-output>
        </test-method> <!-- CloseBrowser -->
        <test-method is-config="true" signature="OpenABrowser()[pri:0, instance:TestCases.TestAddToCartPage@2235eaab]" started-at="2025-09-07T23:42:37 IST" name="OpenABrowser" finished-at="2025-09-07T23:42:40 IST" duration-ms="3092" status="PASS">
          <reporter-output>
          </reporter-output>
        </test-method> <!-- OpenABrowser -->
        <test-method signature="removeAndAddProductFromCartBadge(java.lang.String,java.lang.String)[pri:1, instance:TestCases.TestAddToCartPage@2235eaab]" started-at="2025-09-07T23:42:40 IST" name="removeAndAddProductFromCartBadge" data-provider="validCredentials" finished-at="2025-09-07T23:43:13 IST" duration-ms="32779" status="PASS">
          <params>
            <param index="0">
              <value>
                <![CDATA[standard_user]]>
              </value>
            </param>
            <param index="1">
              <value>
                <![CDATA[secret_sauce]]>
              </value>
            </param>
          </params>
          <reporter-output>
          </reporter-output>
        </test-method> <!-- removeAndAddProductFromCartBadge -->
        <test-method is-config="true" signature="AddScreenShotAfterTest()[pri:0, instance:TestCases.TestAddToCartPage@2235eaab]" started-at="2025-09-07T23:43:13 IST" name="AddScreenShotAfterTest" finished-at="2025-09-07T23:43:13 IST" duration-ms="47" status="PASS">
          <reporter-output>
          </reporter-output>
        </test-method> <!-- AddScreenShotAfterTest -->
        <test-method is-config="true" signature="CloseBrowser()[pri:0, instance:TestCases.TestAddToCartPage@2235eaab]" started-at="2025-09-07T23:43:13 IST" name="CloseBrowser" finished-at="2025-09-07T23:43:14 IST" duration-ms="777" status="PASS">
          <reporter-output>
          </reporter-output>
        </test-method> <!-- CloseBrowser -->
      </class> <!-- TestCases.TestAddToCartPage -->
      <class name="TestCases.TestLockedOutUserPage">
        <test-method is-config="true" signature="OpenABrowser()[pri:0, instance:TestCases.TestLockedOutUserPage@35a3d49f]" started-at="2025-09-07T23:42:13 IST" name="OpenABrowser" finished-at="2025-09-07T23:42:16 IST" duration-ms="2976" status="PASS">
          <reporter-output>
          </reporter-output>
        </test-method> <!-- OpenABrowser -->
        <test-method signature="VerifyLockedOutUserInLogin(java.lang.String,java.lang.String)[pri:0, instance:TestCases.TestLockedOutUserPage@35a3d49f]" started-at="2025-09-07T23:42:16 IST" name="VerifyLockedOutUserInLogin" data-provider="lockedOutUserCredentials" finished-at="2025-09-07T23:42:17 IST" duration-ms="1143" status="PASS">
          <params>
            <param index="0">
              <value>
                <![CDATA[locked_out_user]]>
              </value>
            </param>
            <param index="1">
              <value>
                <![CDATA[secret_sauce]]>
              </value>
            </param>
          </params>
          <reporter-output>
          </reporter-output>
        </test-method> <!-- VerifyLockedOutUserInLogin -->
        <test-method is-config="true" signature="ddScreenShotAfterTest()[pri:0, instance:TestCases.TestLockedOutUserPage@35a3d49f]" started-at="2025-09-07T23:42:17 IST" name="ddScreenShotAfterTest" finished-at="2025-09-07T23:42:17 IST" duration-ms="47" status="PASS">
          <reporter-output>
          </reporter-output>
        </test-method> <!-- ddScreenShotAfterTest -->
        <test-method is-config="true" signature="CloseBrowser()[pri:0, instance:TestCases.TestLockedOutUserPage@35a3d49f]" started-at="2025-09-07T23:42:17 IST" name="CloseBrowser" finished-at="2025-09-07T23:42:18 IST" duration-ms="828" status="PASS">
          <reporter-output>
          </reporter-output>
        </test-method> <!-- CloseBrowser -->
      </class> <!-- TestCases.TestLockedOutUserPage -->
      <class name="TestCases.TestCartBadgeCountValidationPage">
        <test-method is-config="true" signature="OpenABrowser()[pri:0, instance:TestCases.TestCartBadgeCountValidationPage@72d6b3ba]" started-at="2025-09-07T23:41:55 IST" name="OpenABrowser" finished-at="2025-09-07T23:41:59 IST" duration-ms="3028" status="PASS">
          <reporter-output>
          </reporter-output>
        </test-method> <!-- OpenABrowser -->
        <test-method signature="ValidateCartCountBadge(java.lang.String,java.lang.String)[pri:0, instance:TestCases.TestCartBadgeCountValidationPage@72d6b3ba]" started-at="2025-09-07T23:41:59 IST" name="ValidateCartCountBadge" data-provider="validCredentials" finished-at="2025-09-07T23:42:00 IST" duration-ms="1929" status="PASS">
          <params>
            <param index="0">
              <value>
                <![CDATA[standard_user]]>
              </value>
            </param>
            <param index="1">
              <value>
                <![CDATA[secret_sauce]]>
              </value>
            </param>
          </params>
          <reporter-output>
          </reporter-output>
        </test-method> <!-- ValidateCartCountBadge -->
        <test-method is-config="true" signature="ddScreenShotAfterTest()[pri:0, instance:TestCases.TestCartBadgeCountValidationPage@72d6b3ba]" started-at="2025-09-07T23:42:00 IST" name="ddScreenShotAfterTest" finished-at="2025-09-07T23:42:01 IST" duration-ms="88" status="PASS">
          <reporter-output>
          </reporter-output>
        </test-method> <!-- ddScreenShotAfterTest -->
        <test-method is-config="true" signature="CloseBrowser()[pri:0, instance:TestCases.TestCartBadgeCountValidationPage@72d6b3ba]" started-at="2025-09-07T23:42:01 IST" name="CloseBrowser" finished-at="2025-09-07T23:42:01 IST" duration-ms="794" status="PASS">
          <reporter-output>
          </reporter-output>
        </test-method> <!-- CloseBrowser -->
      </class> <!-- TestCases.TestCartBadgeCountValidationPage -->
      <class name="TestCases.TestCheckOutPage">
        <test-method is-config="true" signature="OpenABrowser()[pri:0, instance:TestCases.TestCheckOutPage@7de62196]" started-at="2025-09-07T23:42:01 IST" name="OpenABrowser" finished-at="2025-09-07T23:42:04 IST" duration-ms="2590" status="PASS">
          <reporter-output>
          </reporter-output>
        </test-method> <!-- OpenABrowser -->
        <test-method signature="AutomateCheckOutAndVerify(java.lang.String,java.lang.String)[pri:0, instance:TestCases.TestCheckOutPage@7de62196]" started-at="2025-09-07T23:42:04 IST" name="AutomateCheckOutAndVerify" data-provider="validCredentials" finished-at="2025-09-07T23:42:06 IST" duration-ms="1970" status="PASS">
          <params>
            <param index="0">
              <value>
                <![CDATA[standard_user]]>
              </value>
            </param>
            <param index="1">
              <value>
                <![CDATA[secret_sauce]]>
              </value>
            </param>
          </params>
          <reporter-output>
          </reporter-output>
        </test-method> <!-- AutomateCheckOutAndVerify -->
        <test-method is-config="true" signature="ddScreenShotAfterTest()[pri:0, instance:TestCases.TestCheckOutPage@7de62196]" started-at="2025-09-07T23:42:06 IST" name="ddScreenShotAfterTest" finished-at="2025-09-07T23:42:06 IST" duration-ms="40" status="PASS">
          <reporter-output>
          </reporter-output>
        </test-method> <!-- ddScreenShotAfterTest -->
        <test-method is-config="true" signature="CloseBrowser()[pri:0, instance:TestCases.TestCheckOutPage@7de62196]" started-at="2025-09-07T23:42:06 IST" name="CloseBrowser" finished-at="2025-09-07T23:42:07 IST" duration-ms="927" status="PASS">
          <reporter-output>
          </reporter-output>
        </test-method> <!-- CloseBrowser -->
        <test-method is-config="true" signature="OpenABrowser()[pri:0, instance:TestCases.TestCheckOutPage@7de62196]" started-at="2025-09-07T23:43:14 IST" name="OpenABrowser" finished-at="2025-09-07T23:43:17 IST" duration-ms="2645" status="PASS">
          <reporter-output>
          </reporter-output>
        </test-method> <!-- OpenABrowser -->
        <test-method signature="FinishOrderAndVerifyConfirmMassage(java.lang.String,java.lang.String)[pri:1, instance:TestCases.TestCheckOutPage@7de62196]" started-at="2025-09-07T23:43:17 IST" name="FinishOrderAndVerifyConfirmMassage" data-provider="validCredentials" finished-at="2025-09-07T23:43:19 IST" duration-ms="2068" status="PASS">
          <params>
            <param index="0">
              <value>
                <![CDATA[standard_user]]>
              </value>
            </param>
            <param index="1">
              <value>
                <![CDATA[secret_sauce]]>
              </value>
            </param>
          </params>
          <reporter-output>
          </reporter-output>
        </test-method> <!-- FinishOrderAndVerifyConfirmMassage -->
        <test-method is-config="true" signature="ddScreenShotAfterTest()[pri:0, instance:TestCases.TestCheckOutPage@7de62196]" started-at="2025-09-07T23:43:19 IST" name="ddScreenShotAfterTest" finished-at="2025-09-07T23:43:19 IST" duration-ms="41" status="PASS">
          <reporter-output>
          </reporter-output>
        </test-method> <!-- ddScreenShotAfterTest -->
        <test-method is-config="true" signature="CloseBrowser()[pri:0, instance:TestCases.TestCheckOutPage@7de62196]" started-at="2025-09-07T23:43:19 IST" name="CloseBrowser" finished-at="2025-09-07T23:43:20 IST" duration-ms="906" status="PASS">
          <reporter-output>
          </reporter-output>
        </test-method> <!-- CloseBrowser -->
      </class> <!-- TestCases.TestCheckOutPage -->
      <class name="TestCases.TestLogOutPage">
        <test-method is-config="true" signature="OpenABrowser()[pri:0, instance:TestCases.TestLogOutPage@13d9cbf5]" started-at="2025-09-07T23:42:18 IST" name="OpenABrowser" finished-at="2025-09-07T23:42:21 IST" duration-ms="2819" status="PASS">
          <reporter-output>
          </reporter-output>
        </test-method> <!-- OpenABrowser -->
        <test-method signature="LogOutAndVerify(java.lang.String,java.lang.String)[pri:0, instance:TestCases.TestLogOutPage@13d9cbf5]" started-at="2025-09-07T23:42:21 IST" name="LogOutAndVerify" data-provider="validCredentials" finished-at="2025-09-07T23:42:25 IST" duration-ms="4815" status="PASS">
          <params>
            <param index="0">
              <value>
                <![CDATA[standard_user]]>
              </value>
            </param>
            <param index="1">
              <value>
                <![CDATA[secret_sauce]]>
              </value>
            </param>
          </params>
          <reporter-output>
          </reporter-output>
        </test-method> <!-- LogOutAndVerify -->
        <test-method is-config="true" signature="ddScreenShotAfterTest()[pri:0, instance:TestCases.TestLogOutPage@13d9cbf5]" started-at="2025-09-07T23:42:25 IST" name="ddScreenShotAfterTest" finished-at="2025-09-07T23:42:25 IST" duration-ms="40" status="PASS">
          <reporter-output>
          </reporter-output>
        </test-method> <!-- ddScreenShotAfterTest -->
        <test-method is-config="true" signature="CloseBrowser()[pri:0, instance:TestCases.TestLogOutPage@13d9cbf5]" started-at="2025-09-07T23:42:25 IST" name="CloseBrowser" finished-at="2025-09-07T23:42:26 IST" duration-ms="800" status="PASS">
          <reporter-output>
          </reporter-output>
        </test-method> <!-- CloseBrowser -->
      </class> <!-- TestCases.TestLogOutPage -->
      <class name="TestCases.TestHomePage">
        <test-method is-config="true" signature="OpenABrowser()[pri:0, instance:TestCases.TestHomePage@163370c2]" started-at="2025-09-07T23:42:07 IST" name="OpenABrowser" finished-at="2025-09-07T23:42:10 IST" duration-ms="2785" status="PASS">
          <reporter-output>
          </reporter-output>
        </test-method> <!-- OpenABrowser -->
        <test-method signature="TestPageTitle(java.lang.String,java.lang.String)[pri:0, instance:TestCases.TestHomePage@163370c2]" started-at="2025-09-07T23:42:10 IST" name="TestPageTitle" data-provider="validCredentials" finished-at="2025-09-07T23:42:12 IST" duration-ms="2116" status="PASS">
          <params>
            <param index="0">
              <value>
                <![CDATA[standard_user]]>
              </value>
            </param>
            <param index="1">
              <value>
                <![CDATA[secret_sauce]]>
              </value>
            </param>
          </params>
          <reporter-output>
          </reporter-output>
        </test-method> <!-- TestPageTitle -->
        <test-method is-config="true" signature="ddScreenShotAfterTest()[pri:0, instance:TestCases.TestHomePage@163370c2]" started-at="2025-09-07T23:42:12 IST" name="ddScreenShotAfterTest" finished-at="2025-09-07T23:42:12 IST" duration-ms="82" status="PASS">
          <reporter-output>
          </reporter-output>
        </test-method> <!-- ddScreenShotAfterTest -->
        <test-method is-config="true" signature="CloseBrowser()[pri:0, instance:TestCases.TestHomePage@163370c2]" started-at="2025-09-07T23:42:12 IST" name="CloseBrowser" finished-at="2025-09-07T23:42:13 IST" duration-ms="942" status="PASS">
          <reporter-output>
          </reporter-output>
        </test-method> <!-- CloseBrowser -->
        <test-method is-config="true" signature="OpenABrowser()[pri:0, instance:TestCases.TestHomePage@163370c2]" started-at="2025-09-07T23:43:20 IST" name="OpenABrowser" finished-at="2025-09-07T23:43:22 IST" duration-ms="2740" status="PASS">
          <reporter-output>
          </reporter-output>
        </test-method> <!-- OpenABrowser -->
        <test-method signature="TestPageUrl(java.lang.String,java.lang.String)[pri:1, instance:TestCases.TestHomePage@163370c2]" started-at="2025-09-07T23:43:22 IST" name="TestPageUrl" data-provider="validCredentials" finished-at="2025-09-07T23:43:23 IST" duration-ms="1140" status="PASS">
          <params>
            <param index="0">
              <value>
                <![CDATA[standard_user]]>
              </value>
            </param>
            <param index="1">
              <value>
                <![CDATA[secret_sauce]]>
              </value>
            </param>
          </params>
          <reporter-output>
          </reporter-output>
        </test-method> <!-- TestPageUrl -->
        <test-method is-config="true" signature="ddScreenShotAfterTest()[pri:0, instance:TestCases.TestHomePage@163370c2]" started-at="2025-09-07T23:43:23 IST" name="ddScreenShotAfterTest" finished-at="2025-09-07T23:43:24 IST" duration-ms="97" status="PASS">
          <reporter-output>
          </reporter-output>
        </test-method> <!-- ddScreenShotAfterTest -->
        <test-method is-config="true" signature="CloseBrowser()[pri:0, instance:TestCases.TestHomePage@163370c2]" started-at="2025-09-07T23:43:24 IST" name="CloseBrowser" finished-at="2025-09-07T23:43:25 IST" duration-ms="941" status="PASS">
          <reporter-output>
          </reporter-output>
        </test-method> <!-- CloseBrowser -->
      </class> <!-- TestCases.TestHomePage -->
      <class name="TestCases.TestLoginPage">
        <test-method is-config="true" signature="OpenABrowser()[pri:0, instance:TestCases.TestLoginPage@478db956]" started-at="2025-09-07T23:42:26 IST" name="OpenABrowser" finished-at="2025-09-07T23:42:29 IST" duration-ms="2696" status="PASS">
          <reporter-output>
          </reporter-output>
        </test-method> <!-- OpenABrowser -->
        <test-method signature="LoginWithValidCredentials(java.lang.String,java.lang.String)[pri:0, instance:TestCases.TestLoginPage@478db956]" started-at="2025-09-07T23:42:29 IST" name="LoginWithValidCredentials" data-provider="validCredentials" finished-at="2025-09-07T23:42:30 IST" duration-ms="1208" status="PASS">
          <params>
            <param index="0">
              <value>
                <![CDATA[standard_user]]>
              </value>
            </param>
            <param index="1">
              <value>
                <![CDATA[secret_sauce]]>
              </value>
            </param>
          </params>
          <reporter-output>
          </reporter-output>
        </test-method> <!-- LoginWithValidCredentials -->
        <test-method is-config="true" signature="ddScreenShotAfterTest()[pri:0, instance:TestCases.TestLoginPage@478db956]" started-at="2025-09-07T23:42:30 IST" name="ddScreenShotAfterTest" finished-at="2025-09-07T23:42:30 IST" duration-ms="106" status="PASS">
          <reporter-output>
          </reporter-output>
        </test-method> <!-- ddScreenShotAfterTest -->
        <test-method is-config="true" signature="CloseBrowser()[pri:0, instance:TestCases.TestLoginPage@478db956]" started-at="2025-09-07T23:42:30 IST" name="CloseBrowser" finished-at="2025-09-07T23:42:31 IST" duration-ms="872" status="PASS">
          <reporter-output>
          </reporter-output>
        </test-method> <!-- CloseBrowser -->
        <test-method is-config="true" signature="OpenABrowser()[pri:0, instance:TestCases.TestLoginPage@478db956]" started-at="2025-09-07T23:43:25 IST" name="OpenABrowser" finished-at="2025-09-07T23:43:27 IST" duration-ms="2525" status="PASS">
          <reporter-output>
          </reporter-output>
        </test-method> <!-- OpenABrowser -->
        <test-method signature="LoginWithInValidCredentials(java.lang.String,java.lang.String)[pri:1, instance:TestCases.TestLoginPage@478db956]" started-at="2025-09-07T23:43:27 IST" name="LoginWithInValidCredentials" data-provider="inValidCredentials" finished-at="2025-09-07T23:43:28 IST" duration-ms="1319" status="PASS">
          <params>
            <param index="0">
              <value>
                <![CDATA[Nandhu_user]]>
              </value>
            </param>
            <param index="1">
              <value>
                <![CDATA[Nandhu11]]>
              </value>
            </param>
          </params>
          <reporter-output>
          </reporter-output>
        </test-method> <!-- LoginWithInValidCredentials -->
        <test-method is-config="true" signature="ddScreenShotAfterTest()[pri:0, instance:TestCases.TestLoginPage@478db956]" started-at="2025-09-07T23:43:28 IST" name="ddScreenShotAfterTest" finished-at="2025-09-07T23:43:28 IST" duration-ms="40" status="PASS">
          <reporter-output>
          </reporter-output>
        </test-method> <!-- ddScreenShotAfterTest -->
        <test-method is-config="true" signature="CloseBrowser()[pri:0, instance:TestCases.TestLoginPage@478db956]" started-at="2025-09-07T23:43:28 IST" name="CloseBrowser" finished-at="2025-09-07T23:43:29 IST" duration-ms="804" status="PASS">
          <reporter-output>
          </reporter-output>
        </test-method> <!-- CloseBrowser -->
      </class> <!-- TestCases.TestLoginPage -->
    </test> <!-- C:/Nandini/Web Automation/Sauce-Demo/SauceDemoAutomationPOM/src/test/java/TestCases -->
  </suite> <!-- All Test Suite -->
</testng-results>
