<?xml version="1.0" encoding="UTF-8"?>
<testng-results ignored="0" total="15" passed="15" failed="0" skipped="0">
  <reporter-output>
  </reporter-output>
  <suite started-at="2025-09-07T11:26:26 IST" name="All Test Suite" finished-at="2025-09-07T11:28:38 IST" duration-ms="131711">
    <groups>
    </groups>
    <test started-at="2025-09-07T11:26:26 IST" name="C:/Nandini/Web Automation/Sauce-Demo/SauceDemoAutomationPOM/src/test/java/TestCases" finished-at="2025-09-07T11:28:38 IST" duration-ms="131711">
      <class name="TestCases.TestSortingProductPage">
        <test-method is-config="true" signature="OpenABrowser()[pri:0, instance:TestCases.TestSortingProductPage@2462cb01]" started-at="2025-09-07T11:27:12 IST" name="OpenABrowser" finished-at="2025-09-07T11:27:16 IST" duration-ms="3994" status="PASS">
          <reporter-output>
          </reporter-output>
        </test-method> <!-- OpenABrowser -->
        <test-method signature="verifyProductDisplayedInCorrectOrderPriceLowToHigh(java.lang.String,java.lang.String)[pri:0, instance:TestCases.TestSortingProductPage@2462cb01]" started-at="2025-09-07T11:27:16 IST" name="verifyProductDisplayedInCorrectOrderPriceLowToHigh" data-provider="validCredentials" finished-at="2025-09-07T11:27:19 IST" duration-ms="3004" status="PASS">
          <params>
            <param index="0">
              <value>
                <![CDATA[standard_user]]>
              </value>
            </param>
            <param index="1">
              <value>
                <![CDATA[secret_sauce]]>
              </value>
            </param>
          </params>
          <reporter-output>
          </reporter-output>
        </test-method> <!-- verifyProductDisplayedInCorrectOrderPriceLowToHigh -->
        <test-method is-config="true" signature="ddScreenShotAfterTest()[pri:0, instance:TestCases.TestSortingProductPage@2462cb01]" started-at="2025-09-07T11:27:19 IST" name="ddScreenShotAfterTest" finished-at="2025-09-07T11:27:19 IST" duration-ms="127" status="PASS">
          <reporter-output>
          </reporter-output>
        </test-method> <!-- ddScreenShotAfterTest -->
        <test-method is-config="true" signature="CloseBrowser()[pri:0, instance:TestCases.TestSortingProductPage@2462cb01]" started-at="2025-09-07T11:27:19 IST" name="CloseBrowser" finished-at="2025-09-07T11:27:20 IST" duration-ms="1062" status="PASS">
          <reporter-output>
          </reporter-output>
        </test-method> <!-- CloseBrowser -->
        <test-method is-config="true" signature="OpenABrowser()[pri:0, instance:TestCases.TestSortingProductPage@2462cb01]" started-at="2025-09-07T11:28:17 IST" name="OpenABrowser" finished-at="2025-09-07T11:28:20 IST" duration-ms="3059" status="PASS">
          <reporter-output>
          </reporter-output>
        </test-method> <!-- OpenABrowser -->
        <test-method signature="verifyProductDisplayedInCorrectOrderPriceHighToLow(java.lang.String,java.lang.String)[pri:1, instance:TestCases.TestSortingProductPage@2462cb01]" started-at="2025-09-07T11:28:20 IST" name="verifyProductDisplayedInCorrectOrderPriceHighToLow" data-provider="validCredentials" finished-at="2025-09-07T11:28:22 IST" duration-ms="1697" status="PASS">
          <params>
            <param index="0">
              <value>
                <![CDATA[standard_user]]>
              </value>
            </param>
            <param index="1">
              <value>
                <![CDATA[secret_sauce]]>
              </value>
            </param>
          </params>
          <reporter-output>
          </reporter-output>
        </test-method> <!-- verifyProductDisplayedInCorrectOrderPriceHighToLow -->
        <test-method is-config="true" signature="ddScreenShotAfterTest()[pri:0, instance:TestCases.TestSortingProductPage@2462cb01]" started-at="2025-09-07T11:28:22 IST" name="ddScreenShotAfterTest" finished-at="2025-09-07T11:28:22 IST" duration-ms="116" status="PASS">
          <reporter-output>
          </reporter-output>
        </test-method> <!-- ddScreenShotAfterTest -->
        <test-method is-config="true" signature="CloseBrowser()[pri:0, instance:TestCases.TestSortingProductPage@2462cb01]" started-at="2025-09-07T11:28:22 IST" name="CloseBrowser" finished-at="2025-09-07T11:28:23 IST" duration-ms="894" status="PASS">
          <reporter-output>
          </reporter-output>
        </test-method> <!-- CloseBrowser -->
        <test-method is-config="true" signature="OpenABrowser()[pri:0, instance:TestCases.TestSortingProductPage@2462cb01]" started-at="2025-09-07T11:28:23 IST" name="OpenABrowser" finished-at="2025-09-07T11:28:27 IST" duration-ms="3907" status="PASS">
          <reporter-output>
          </reporter-output>
        </test-method> <!-- OpenABrowser -->
        <test-method signature="verifyProductDisplayedInCorrectOrderNameAToZ(java.lang.String,java.lang.String)[pri:2, instance:TestCases.TestSortingProductPage@2462cb01]" started-at="2025-09-07T11:28:27 IST" name="verifyProductDisplayedInCorrectOrderNameAToZ" data-provider="validCredentials" finished-at="2025-09-07T11:28:29 IST" duration-ms="2469" status="PASS">
          <params>
            <param index="0">
              <value>
                <![CDATA[standard_user]]>
              </value>
            </param>
            <param index="1">
              <value>
                <![CDATA[secret_sauce]]>
              </value>
            </param>
          </params>
          <reporter-output>
          </reporter-output>
        </test-method> <!-- verifyProductDisplayedInCorrectOrderNameAToZ -->
        <test-method is-config="true" signature="ddScreenShotAfterTest()[pri:0, instance:TestCases.TestSortingProductPage@2462cb01]" started-at="2025-09-07T11:28:29 IST" name="ddScreenShotAfterTest" finished-at="2025-09-07T11:28:30 IST" duration-ms="76" status="PASS">
          <reporter-output>
          </reporter-output>
        </test-method> <!-- ddScreenShotAfterTest -->
        <test-method is-config="true" signature="CloseBrowser()[pri:0, instance:TestCases.TestSortingProductPage@2462cb01]" started-at="2025-09-07T11:28:30 IST" name="CloseBrowser" finished-at="2025-09-07T11:28:31 IST" duration-ms="1024" status="PASS">
          <reporter-output>
          </reporter-output>
        </test-method> <!-- CloseBrowser -->
        <test-method is-config="true" signature="OpenABrowser()[pri:0, instance:TestCases.TestSortingProductPage@2462cb01]" started-at="2025-09-07T11:28:31 IST" name="OpenABrowser" finished-at="2025-09-07T11:28:34 IST" duration-ms="3919" status="PASS">
          <reporter-output>
          </reporter-output>
        </test-method> <!-- OpenABrowser -->
        <test-method signature="verifyProductDisplayedInCorrectOrderNameZToA(java.lang.String,java.lang.String)[pri:3, instance:TestCases.TestSortingProductPage@2462cb01]" started-at="2025-09-07T11:28:34 IST" name="verifyProductDisplayedInCorrectOrderNameZToA" data-provider="validCredentials" finished-at="2025-09-07T11:28:37 IST" duration-ms="2149" status="PASS">
          <params>
            <param index="0">
              <value>
                <![CDATA[standard_user]]>
              </value>
            </param>
            <param index="1">
              <value>
                <![CDATA[secret_sauce]]>
              </value>
            </param>
          </params>
          <reporter-output>
          </reporter-output>
        </test-method> <!-- verifyProductDisplayedInCorrectOrderNameZToA -->
        <test-method is-config="true" signature="ddScreenShotAfterTest()[pri:0, instance:TestCases.TestSortingProductPage@2462cb01]" started-at="2025-09-07T11:28:37 IST" name="ddScreenShotAfterTest" finished-at="2025-09-07T11:28:37 IST" duration-ms="114" status="PASS">
          <reporter-output>
          </reporter-output>
        </test-method> <!-- ddScreenShotAfterTest -->
        <test-method is-config="true" signature="CloseBrowser()[pri:0, instance:TestCases.TestSortingProductPage@2462cb01]" started-at="2025-09-07T11:28:37 IST" name="CloseBrowser" finished-at="2025-09-07T11:28:38 IST" duration-ms="1016" status="PASS">
          <reporter-output>
          </reporter-output>
        </test-method> <!-- CloseBrowser -->
      </class> <!-- TestCases.TestSortingProductPage -->
      <class name="TestCases.TestAddToCartPage">
        <test-method is-config="true" signature="OpenABrowser()[pri:0, instance:TestCases.TestAddToCartPage@13526e59]" started-at="2025-09-07T11:26:26 IST" name="OpenABrowser" finished-at="2025-09-07T11:26:30 IST" duration-ms="3659" status="PASS">
          <reporter-output>
          </reporter-output>
        </test-method> <!-- OpenABrowser -->
        <test-method signature="TestProductVisibleOnCartBadge(java.lang.String,java.lang.String)[pri:0, instance:TestCases.TestAddToCartPage@13526e59]" started-at="2025-09-07T11:26:30 IST" name="TestProductVisibleOnCartBadge" data-provider="validCredentials" finished-at="2025-09-07T11:26:32 IST" duration-ms="1983" status="PASS">
          <params>
            <param index="0">
              <value>
                <![CDATA[standard_user]]>
              </value>
            </param>
            <param index="1">
              <value>
                <![CDATA[secret_sauce]]>
              </value>
            </param>
          </params>
          <reporter-output>
          </reporter-output>
        </test-method> <!-- TestProductVisibleOnCartBadge -->
        <test-method is-config="true" signature="AddScreenShotAfterTest()[pri:0, instance:TestCases.TestAddToCartPage@13526e59]" started-at="2025-09-07T11:26:32 IST" name="AddScreenShotAfterTest" finished-at="2025-09-07T11:26:32 IST" duration-ms="46" status="PASS">
          <reporter-output>
          </reporter-output>
        </test-method> <!-- AddScreenShotAfterTest -->
        <test-method is-config="true" signature="CloseBrowser()[pri:0, instance:TestCases.TestAddToCartPage@13526e59]" started-at="2025-09-07T11:26:32 IST" name="CloseBrowser" finished-at="2025-09-07T11:26:33 IST" duration-ms="826" status="PASS">
          <reporter-output>
          </reporter-output>
        </test-method> <!-- CloseBrowser -->
        <test-method is-config="true" signature="OpenABrowser()[pri:0, instance:TestCases.TestAddToCartPage@13526e59]" started-at="2025-09-07T11:27:20 IST" name="OpenABrowser" finished-at="2025-09-07T11:27:24 IST" duration-ms="3131" status="PASS">
          <reporter-output>
          </reporter-output>
        </test-method> <!-- OpenABrowser -->
        <test-method signature="removeAndAddProductFromCartBadge(java.lang.String,java.lang.String)[pri:1, instance:TestCases.TestAddToCartPage@13526e59]" started-at="2025-09-07T11:27:24 IST" name="removeAndAddProductFromCartBadge" data-provider="validCredentials" finished-at="2025-09-07T11:27:56 IST" duration-ms="32880" status="PASS">
          <params>
            <param index="0">
              <value>
                <![CDATA[standard_user]]>
              </value>
            </param>
            <param index="1">
              <value>
                <![CDATA[secret_sauce]]>
              </value>
            </param>
          </params>
          <reporter-output>
          </reporter-output>
        </test-method> <!-- removeAndAddProductFromCartBadge -->
        <test-method is-config="true" signature="AddScreenShotAfterTest()[pri:0, instance:TestCases.TestAddToCartPage@13526e59]" started-at="2025-09-07T11:27:56 IST" name="AddScreenShotAfterTest" finished-at="2025-09-07T11:27:57 IST" duration-ms="39" status="PASS">
          <reporter-output>
          </reporter-output>
        </test-method> <!-- AddScreenShotAfterTest -->
        <test-method is-config="true" signature="CloseBrowser()[pri:0, instance:TestCases.TestAddToCartPage@13526e59]" started-at="2025-09-07T11:27:57 IST" name="CloseBrowser" finished-at="2025-09-07T11:27:57 IST" duration-ms="781" status="PASS">
          <reporter-output>
          </reporter-output>
        </test-method> <!-- CloseBrowser -->
      </class> <!-- TestCases.TestAddToCartPage -->
      <class name="TestCases.TestLockedOutUserPage">
        <test-method is-config="true" signature="OpenABrowser()[pri:0, instance:TestCases.TestLockedOutUserPage@7905a0b8]" started-at="2025-09-07T11:26:53 IST" name="OpenABrowser" finished-at="2025-09-07T11:26:56 IST" duration-ms="3255" status="PASS">
          <reporter-output>
          </reporter-output>
        </test-method> <!-- OpenABrowser -->
        <test-method signature="VerifyLockedOutUserInLogin(java.lang.String,java.lang.String)[pri:0, instance:TestCases.TestLockedOutUserPage@7905a0b8]" started-at="2025-09-07T11:26:56 IST" name="VerifyLockedOutUserInLogin" data-provider="lockedOutUserCredentials" finished-at="2025-09-07T11:26:58 IST" duration-ms="1479" status="PASS">
          <params>
            <param index="0">
              <value>
                <![CDATA[locked_out_user]]>
              </value>
            </param>
            <param index="1">
              <value>
                <![CDATA[secret_sauce]]>
              </value>
            </param>
          </params>
          <reporter-output>
          </reporter-output>
        </test-method> <!-- VerifyLockedOutUserInLogin -->
        <test-method is-config="true" signature="ddScreenShotAfterTest()[pri:0, instance:TestCases.TestLockedOutUserPage@7905a0b8]" started-at="2025-09-07T11:26:58 IST" name="ddScreenShotAfterTest" finished-at="2025-09-07T11:26:58 IST" duration-ms="89" status="PASS">
          <reporter-output>
          </reporter-output>
        </test-method> <!-- ddScreenShotAfterTest -->
        <test-method is-config="true" signature="CloseBrowser()[pri:0, instance:TestCases.TestLockedOutUserPage@7905a0b8]" started-at="2025-09-07T11:26:58 IST" name="CloseBrowser" finished-at="2025-09-07T11:26:59 IST" duration-ms="1384" status="PASS">
          <reporter-output>
          </reporter-output>
        </test-method> <!-- CloseBrowser -->
      </class> <!-- TestCases.TestLockedOutUserPage -->
      <class name="TestCases.TestCartBadgeCountValidationPage">
        <test-method is-config="true" signature="OpenABrowser()[pri:0, instance:TestCases.TestCartBadgeCountValidationPage@1ebea008]" started-at="2025-09-07T11:26:33 IST" name="OpenABrowser" finished-at="2025-09-07T11:26:36 IST" duration-ms="3118" status="PASS">
          <reporter-output>
          </reporter-output>
        </test-method> <!-- OpenABrowser -->
        <test-method signature="ValidateCartCountBadge(java.lang.String,java.lang.String)[pri:0, instance:TestCases.TestCartBadgeCountValidationPage@1ebea008]" started-at="2025-09-07T11:26:36 IST" name="ValidateCartCountBadge" data-provider="validCredentials" finished-at="2025-09-07T11:26:38 IST" duration-ms="2170" status="PASS">
          <params>
            <param index="0">
              <value>
                <![CDATA[standard_user]]>
              </value>
            </param>
            <param index="1">
              <value>
                <![CDATA[secret_sauce]]>
              </value>
            </param>
          </params>
          <reporter-output>
          </reporter-output>
        </test-method> <!-- ValidateCartCountBadge -->
        <test-method is-config="true" signature="ddScreenShotAfterTest()[pri:0, instance:TestCases.TestCartBadgeCountValidationPage@1ebea008]" started-at="2025-09-07T11:26:38 IST" name="ddScreenShotAfterTest" finished-at="2025-09-07T11:26:38 IST" duration-ms="96" status="PASS">
          <reporter-output>
          </reporter-output>
        </test-method> <!-- ddScreenShotAfterTest -->
        <test-method is-config="true" signature="CloseBrowser()[pri:0, instance:TestCases.TestCartBadgeCountValidationPage@1ebea008]" started-at="2025-09-07T11:26:38 IST" name="CloseBrowser" finished-at="2025-09-07T11:26:39 IST" duration-ms="834" status="PASS">
          <reporter-output>
          </reporter-output>
        </test-method> <!-- CloseBrowser -->
      </class> <!-- TestCases.TestCartBadgeCountValidationPage -->
      <class name="TestCases.TestCheckOutPage">
        <test-method is-config="true" signature="OpenABrowser()[pri:0, instance:TestCases.TestCheckOutPage@1787f2a0]" started-at="2025-09-07T11:26:39 IST" name="OpenABrowser" finished-at="2025-09-07T11:26:42 IST" duration-ms="3371" status="PASS">
          <reporter-output>
          </reporter-output>
        </test-method> <!-- OpenABrowser -->
        <test-method signature="AutomateCheckOutAndVerify(java.lang.String,java.lang.String)[pri:0, instance:TestCases.TestCheckOutPage@1787f2a0]" started-at="2025-09-07T11:26:42 IST" name="AutomateCheckOutAndVerify" data-provider="validCredentials" finished-at="2025-09-07T11:26:45 IST" duration-ms="2246" status="PASS">
          <params>
            <param index="0">
              <value>
                <![CDATA[standard_user]]>
              </value>
            </param>
            <param index="1">
              <value>
                <![CDATA[secret_sauce]]>
              </value>
            </param>
          </params>
          <reporter-output>
          </reporter-output>
        </test-method> <!-- AutomateCheckOutAndVerify -->
        <test-method is-config="true" signature="ddScreenShotAfterTest()[pri:0, instance:TestCases.TestCheckOutPage@1787f2a0]" started-at="2025-09-07T11:26:45 IST" name="ddScreenShotAfterTest" finished-at="2025-09-07T11:26:45 IST" duration-ms="36" status="PASS">
          <reporter-output>
          </reporter-output>
        </test-method> <!-- ddScreenShotAfterTest -->
        <test-method is-config="true" signature="CloseBrowser()[pri:0, instance:TestCases.TestCheckOutPage@1787f2a0]" started-at="2025-09-07T11:26:45 IST" name="CloseBrowser" finished-at="2025-09-07T11:26:46 IST" duration-ms="965" status="PASS">
          <reporter-output>
          </reporter-output>
        </test-method> <!-- CloseBrowser -->
        <test-method is-config="true" signature="OpenABrowser()[pri:0, instance:TestCases.TestCheckOutPage@1787f2a0]" started-at="2025-09-07T11:27:57 IST" name="OpenABrowser" finished-at="2025-09-07T11:28:00 IST" duration-ms="3014" status="PASS">
          <reporter-output>
          </reporter-output>
        </test-method> <!-- OpenABrowser -->
        <test-method signature="FinishOrderAndVerifyConfirmMassage(java.lang.String,java.lang.String)[pri:1, instance:TestCases.TestCheckOutPage@1787f2a0]" started-at="2025-09-07T11:28:00 IST" name="FinishOrderAndVerifyConfirmMassage" data-provider="validCredentials" finished-at="2025-09-07T11:28:02 IST" duration-ms="2109" status="PASS">
          <params>
            <param index="0">
              <value>
                <![CDATA[standard_user]]>
              </value>
            </param>
            <param index="1">
              <value>
                <![CDATA[secret_sauce]]>
              </value>
            </param>
          </params>
          <reporter-output>
          </reporter-output>
        </test-method> <!-- FinishOrderAndVerifyConfirmMassage -->
        <test-method is-config="true" signature="ddScreenShotAfterTest()[pri:0, instance:TestCases.TestCheckOutPage@1787f2a0]" started-at="2025-09-07T11:28:02 IST" name="ddScreenShotAfterTest" finished-at="2025-09-07T11:28:02 IST" duration-ms="40" status="PASS">
          <reporter-output>
          </reporter-output>
        </test-method> <!-- ddScreenShotAfterTest -->
        <test-method is-config="true" signature="CloseBrowser()[pri:0, instance:TestCases.TestCheckOutPage@1787f2a0]" started-at="2025-09-07T11:28:02 IST" name="CloseBrowser" finished-at="2025-09-07T11:28:04 IST" duration-ms="1130" status="PASS">
          <reporter-output>
          </reporter-output>
        </test-method> <!-- CloseBrowser -->
      </class> <!-- TestCases.TestCheckOutPage -->
      <class name="TestCases.TestLogOutPage">
        <test-method is-config="true" signature="OpenABrowser()[pri:0, instance:TestCases.TestLogOutPage@389b0789]" started-at="2025-09-07T11:26:59 IST" name="OpenABrowser" finished-at="2025-09-07T11:27:02 IST" duration-ms="3350" status="PASS">
          <reporter-output>
          </reporter-output>
        </test-method> <!-- OpenABrowser -->
        <test-method signature="LogOutAndVerify(java.lang.String,java.lang.String)[pri:0, instance:TestCases.TestLogOutPage@389b0789]" started-at="2025-09-07T11:27:02 IST" name="LogOutAndVerify" data-provider="validCredentials" finished-at="2025-09-07T11:27:04 IST" duration-ms="1722" status="PASS">
          <params>
            <param index="0">
              <value>
                <![CDATA[standard_user]]>
              </value>
            </param>
            <param index="1">
              <value>
                <![CDATA[secret_sauce]]>
              </value>
            </param>
          </params>
          <reporter-output>
          </reporter-output>
        </test-method> <!-- LogOutAndVerify -->
        <test-method is-config="true" signature="ddScreenShotAfterTest()[pri:0, instance:TestCases.TestLogOutPage@389b0789]" started-at="2025-09-07T11:27:04 IST" name="ddScreenShotAfterTest" finished-at="2025-09-07T11:27:04 IST" duration-ms="68" status="PASS">
          <reporter-output>
          </reporter-output>
        </test-method> <!-- ddScreenShotAfterTest -->
        <test-method is-config="true" signature="CloseBrowser()[pri:0, instance:TestCases.TestLogOutPage@389b0789]" started-at="2025-09-07T11:27:04 IST" name="CloseBrowser" finished-at="2025-09-07T11:27:05 IST" duration-ms="1074" status="PASS">
          <reporter-output>
          </reporter-output>
        </test-method> <!-- CloseBrowser -->
      </class> <!-- TestCases.TestLogOutPage -->
      <class name="TestCases.TestHomePage">
        <test-method is-config="true" signature="OpenABrowser()[pri:0, instance:TestCases.TestHomePage@7de62196]" started-at="2025-09-07T11:26:46 IST" name="OpenABrowser" finished-at="2025-09-07T11:26:50 IST" duration-ms="4099" status="PASS">
          <reporter-output>
          </reporter-output>
        </test-method> <!-- OpenABrowser -->
        <test-method signature="TestPageTitle(java.lang.String,java.lang.String)[pri:0, instance:TestCases.TestHomePage@7de62196]" started-at="2025-09-07T11:26:50 IST" name="TestPageTitle" data-provider="validCredentials" finished-at="2025-09-07T11:26:52 IST" duration-ms="1923" status="PASS">
          <params>
            <param index="0">
              <value>
                <![CDATA[standard_user]]>
              </value>
            </param>
            <param index="1">
              <value>
                <![CDATA[secret_sauce]]>
              </value>
            </param>
          </params>
          <reporter-output>
          </reporter-output>
        </test-method> <!-- TestPageTitle -->
        <test-method is-config="true" signature="ddScreenShotAfterTest()[pri:0, instance:TestCases.TestHomePage@7de62196]" started-at="2025-09-07T11:26:52 IST" name="ddScreenShotAfterTest" finished-at="2025-09-07T11:26:52 IST" duration-ms="116" status="PASS">
          <reporter-output>
          </reporter-output>
        </test-method> <!-- ddScreenShotAfterTest -->
        <test-method is-config="true" signature="CloseBrowser()[pri:0, instance:TestCases.TestHomePage@7de62196]" started-at="2025-09-07T11:26:52 IST" name="CloseBrowser" finished-at="2025-09-07T11:26:53 IST" duration-ms="1081" status="PASS">
          <reporter-output>
          </reporter-output>
        </test-method> <!-- CloseBrowser -->
        <test-method is-config="true" signature="OpenABrowser()[pri:0, instance:TestCases.TestHomePage@7de62196]" started-at="2025-09-07T11:28:04 IST" name="OpenABrowser" finished-at="2025-09-07T11:28:06 IST" duration-ms="2704" status="PASS">
          <reporter-output>
          </reporter-output>
        </test-method> <!-- OpenABrowser -->
        <test-method signature="TestPageUrl(java.lang.String,java.lang.String)[pri:1, instance:TestCases.TestHomePage@7de62196]" started-at="2025-09-07T11:28:06 IST" name="TestPageUrl" data-provider="validCredentials" finished-at="2025-09-07T11:28:10 IST" duration-ms="3624" status="PASS">
          <params>
            <param index="0">
              <value>
                <![CDATA[standard_user]]>
              </value>
            </param>
            <param index="1">
              <value>
                <![CDATA[secret_sauce]]>
              </value>
            </param>
          </params>
          <reporter-output>
          </reporter-output>
        </test-method> <!-- TestPageUrl -->
        <test-method is-config="true" signature="ddScreenShotAfterTest()[pri:0, instance:TestCases.TestHomePage@7de62196]" started-at="2025-09-07T11:28:10 IST" name="ddScreenShotAfterTest" finished-at="2025-09-07T11:28:10 IST" duration-ms="451" status="PASS">
          <reporter-output>
          </reporter-output>
        </test-method> <!-- ddScreenShotAfterTest -->
        <test-method is-config="true" signature="CloseBrowser()[pri:0, instance:TestCases.TestHomePage@7de62196]" started-at="2025-09-07T11:28:10 IST" name="CloseBrowser" finished-at="2025-09-07T11:28:11 IST" duration-ms="982" status="PASS">
          <reporter-output>
          </reporter-output>
        </test-method> <!-- CloseBrowser -->
      </class> <!-- TestCases.TestHomePage -->
      <class name="TestCases.TestLoginPage">
        <test-method is-config="true" signature="OpenABrowser()[pri:0, instance:TestCases.TestLoginPage@13d9cbf5]" started-at="2025-09-07T11:27:05 IST" name="OpenABrowser" finished-at="2025-09-07T11:27:09 IST" duration-ms="4074" status="PASS">
          <reporter-output>
          </reporter-output>
        </test-method> <!-- OpenABrowser -->
        <test-method signature="LoginWithValidCredentials(java.lang.String,java.lang.String)[pri:0, instance:TestCases.TestLoginPage@13d9cbf5]" started-at="2025-09-07T11:27:09 IST" name="LoginWithValidCredentials" data-provider="validCredentials" finished-at="2025-09-07T11:27:11 IST" duration-ms="1749" status="PASS">
          <params>
            <param index="0">
              <value>
                <![CDATA[standard_user]]>
              </value>
            </param>
            <param index="1">
              <value>
                <![CDATA[secret_sauce]]>
              </value>
            </param>
          </params>
          <reporter-output>
          </reporter-output>
        </test-method> <!-- LoginWithValidCredentials -->
        <test-method is-config="true" signature="ddScreenShotAfterTest()[pri:0, instance:TestCases.TestLoginPage@13d9cbf5]" started-at="2025-09-07T11:27:11 IST" name="ddScreenShotAfterTest" finished-at="2025-09-07T11:27:11 IST" duration-ms="116" status="PASS">
          <reporter-output>
          </reporter-output>
        </test-method> <!-- ddScreenShotAfterTest -->
        <test-method is-config="true" signature="CloseBrowser()[pri:0, instance:TestCases.TestLoginPage@13d9cbf5]" started-at="2025-09-07T11:27:11 IST" name="CloseBrowser" finished-at="2025-09-07T11:27:12 IST" duration-ms="1057" status="PASS">
          <reporter-output>
          </reporter-output>
        </test-method> <!-- CloseBrowser -->
        <test-method is-config="true" signature="OpenABrowser()[pri:0, instance:TestCases.TestLoginPage@13d9cbf5]" started-at="2025-09-07T11:28:11 IST" name="OpenABrowser" finished-at="2025-09-07T11:28:14 IST" duration-ms="2902" status="PASS">
          <reporter-output>
          </reporter-output>
        </test-method> <!-- OpenABrowser -->
        <test-method signature="LoginWithInValidCredentials(java.lang.String,java.lang.String)[pri:1, instance:TestCases.TestLoginPage@13d9cbf5]" started-at="2025-09-07T11:28:14 IST" name="LoginWithInValidCredentials" data-provider="inValidCredentials" finished-at="2025-09-07T11:28:15 IST" duration-ms="1160" status="PASS">
          <params>
            <param index="0">
              <value>
                <![CDATA[Nandhu_user]]>
              </value>
            </param>
            <param index="1">
              <value>
                <![CDATA[Nandhu11]]>
              </value>
            </param>
          </params>
          <reporter-output>
          </reporter-output>
        </test-method> <!-- LoginWithInValidCredentials -->
        <test-method is-config="true" signature="ddScreenShotAfterTest()[pri:0, instance:TestCases.TestLoginPage@13d9cbf5]" started-at="2025-09-07T11:28:15 IST" name="ddScreenShotAfterTest" finished-at="2025-09-07T11:28:16 IST" duration-ms="115" status="PASS">
          <reporter-output>
          </reporter-output>
        </test-method> <!-- ddScreenShotAfterTest -->
        <test-method is-config="true" signature="CloseBrowser()[pri:0, instance:TestCases.TestLoginPage@13d9cbf5]" started-at="2025-09-07T11:28:16 IST" name="CloseBrowser" finished-at="2025-09-07T11:28:17 IST" duration-ms="1671" status="PASS">
          <reporter-output>
          </reporter-output>
        </test-method> <!-- CloseBrowser -->
      </class> <!-- TestCases.TestLoginPage -->
    </test> <!-- C:/Nandini/Web Automation/Sauce-Demo/SauceDemoAutomationPOM/src/test/java/TestCases -->
  </suite> <!-- All Test Suite -->
</testng-results>
